<?xml version="1.0" encoding="UTF-8"?>
<!-- Generated by org.testng.reporters.JUnitReportReporter -->
<testsuite hostname="DESKTOP-JE06712" failures="0" tests="1" name="Scripts.TestCase1" time="9.531" errors="0" timestamp="2023-09-06T19:22:43 IST" skipped="0">
  <testcase classname="Scripts.TestCase1" name="tc1" time="9.531"/>
</testsuite> <!-- Scripts.TestCase1 -->
